Watching for file changes with StatReloader
E:\N1-Gaming\N1_Gaming\N1_Gaming\views.py changed, reloading.
Watching for file changes with StatReloader
Watching for file changes with StatReloader
Watching for file changes with StatReloader
Watching for file changes with StatReloader
Watching for file changes with StatReloader
Watching for file changes with StatReloader
Watching for file changes with StatReloader
Watching for file changes with StatReloader
Watching for file changes with StatReloader
Watching for file changes with StatReloader
Watching for file changes with StatReloader
Method Not Allowed: /credit
E:\N1-Gaming\N1_Gaming\N1_Gaming\views.py changed, reloading.
Watching for file changes with StatReloader
E:\N1-Gaming\N1_Gaming\N1_Gaming\views.py changed, reloading.
Watching for file changes with StatReloader
Watching for file changes with StatReloader
Watching for file changes with StatReloader
Watching for file changes with StatReloader
Watching for file changes with StatReloader
Watching for file changes with StatReloader
Watching for file changes with StatReloader
Not Found: /favicon.ico
Watching for file changes with StatReloader
Not Found: /favicon.ico
Watching for file changes with StatReloader
E:\N1-Gaming\N1_Gaming\api\views.py changed, reloading.
Watching for file changes with StatReloader
Watching for file changes with StatReloader
E:\N1-Gaming\N1_Gaming\api\views.py changed, reloading.
Watching for file changes with StatReloader
Watching for file changes with StatReloader
Watching for file changes with StatReloader
E:\N1-Gaming\N1_Gaming\N1_Gaming\settings.py changed, reloading.
Watching for file changes with StatReloader
E:\N1-Gaming\N1_Gaming\N1_Gaming\settings.py changed, reloading.
Watching for file changes with StatReloader
Not Found: /recentResult
Not Found: /recentResult
Watching for file changes with StatReloader
E:\N1-Gaming\N1_Gaming\N1_Gaming\settings.py changed, reloading.
Watching for file changes with StatReloader
Unauthorized: /userlogin
Not Found: /recentResult
Not Found: /recentResult
Bad Request: /saveTransaction
Watching for file changes with StatReloader
E:\N1-Gaming\N1_Gaming\N1_Gaming\settings.py changed, reloading.
Watching for file changes with StatReloader
Not Found: /recentResult
Watching for file changes with StatReloader
Not Found: /recentResult
Internal Server Error: /credit
Traceback (most recent call last):
  File "C:\Users\gprin\AppData\Roaming\Python\Python310\site-packages\django\core\handlers\exception.py", line 55, in inner
    response = get_response(request)
  File "C:\Users\gprin\AppData\Roaming\Python\Python310\site-packages\django\core\handlers\base.py", line 197, in _get_response
    response = wrapped_callback(request, *callback_args, **callback_kwargs)
  File "C:\Users\gprin\AppData\Roaming\Python\Python310\site-packages\django\views\decorators\csrf.py", line 54, in wrapped_view
    return view_func(*args, **kwargs)
  File "C:\Users\gprin\AppData\Roaming\Python\Python310\site-packages\django\views\generic\base.py", line 103, in view
    return self.dispatch(request, *args, **kwargs)
  File "C:\Users\gprin\AppData\Roaming\Python\Python310\site-packages\rest_framework\views.py", line 509, in dispatch
    response = self.handle_exception(exc)
  File "C:\Users\gprin\AppData\Roaming\Python\Python310\site-packages\rest_framework\views.py", line 469, in handle_exception
    self.raise_uncaught_exception(exc)
  File "C:\Users\gprin\AppData\Roaming\Python\Python310\site-packages\rest_framework\views.py", line 480, in raise_uncaught_exception
    raise exc
  File "C:\Users\gprin\AppData\Roaming\Python\Python310\site-packages\rest_framework\views.py", line 506, in dispatch
    response = handler(request, *args, **kwargs)
  File "C:\Users\gprin\AppData\Roaming\Python\Python310\site-packages\rest_framework\decorators.py", line 50, in handler
    return func(*args, **kwargs)
  File "E:\N1-Gaming\N1_Gaming\api\views.py", line 774, in Credit
    data=json.loads(request.body)
  File "C:\Program Files\Python310\lib\json\__init__.py", line 346, in loads
    return _default_decoder.decode(s)
  File "C:\Program Files\Python310\lib\json\decoder.py", line 337, in decode
    obj, end = self.raw_decode(s, idx=_w(s, 0).end())
  File "C:\Program Files\Python310\lib\json\decoder.py", line 355, in raw_decode
    raise JSONDecodeError("Expecting value", s, err.value) from None
json.decoder.JSONDecodeError: Expecting value: line 1 column 1 (char 0)
Internal Server Error: /credit
Traceback (most recent call last):
  File "C:\Users\gprin\AppData\Roaming\Python\Python310\site-packages\django\core\handlers\exception.py", line 55, in inner
    response = get_response(request)
  File "C:\Users\gprin\AppData\Roaming\Python\Python310\site-packages\django\core\handlers\base.py", line 197, in _get_response
    response = wrapped_callback(request, *callback_args, **callback_kwargs)
  File "C:\Users\gprin\AppData\Roaming\Python\Python310\site-packages\django\views\decorators\csrf.py", line 54, in wrapped_view
    return view_func(*args, **kwargs)
  File "C:\Users\gprin\AppData\Roaming\Python\Python310\site-packages\django\views\generic\base.py", line 103, in view
    return self.dispatch(request, *args, **kwargs)
  File "C:\Users\gprin\AppData\Roaming\Python\Python310\site-packages\rest_framework\views.py", line 509, in dispatch
    response = self.handle_exception(exc)
  File "C:\Users\gprin\AppData\Roaming\Python\Python310\site-packages\rest_framework\views.py", line 469, in handle_exception
    self.raise_uncaught_exception(exc)
  File "C:\Users\gprin\AppData\Roaming\Python\Python310\site-packages\rest_framework\views.py", line 480, in raise_uncaught_exception
    raise exc
  File "C:\Users\gprin\AppData\Roaming\Python\Python310\site-packages\rest_framework\views.py", line 506, in dispatch
    response = handler(request, *args, **kwargs)
  File "C:\Users\gprin\AppData\Roaming\Python\Python310\site-packages\rest_framework\decorators.py", line 50, in handler
    return func(*args, **kwargs)
  File "E:\N1-Gaming\N1_Gaming\api\views.py", line 774, in Credit
    data=json.loads(request.body)
  File "C:\Program Files\Python310\lib\json\__init__.py", line 346, in loads
    return _default_decoder.decode(s)
  File "C:\Program Files\Python310\lib\json\decoder.py", line 337, in decode
    obj, end = self.raw_decode(s, idx=_w(s, 0).end())
  File "C:\Program Files\Python310\lib\json\decoder.py", line 355, in raw_decode
    raise JSONDecodeError("Expecting value", s, err.value) from None
json.decoder.JSONDecodeError: Expecting value: line 1 column 1 (char 0)
Internal Server Error: /credit
Traceback (most recent call last):
  File "C:\Users\gprin\AppData\Roaming\Python\Python310\site-packages\django\core\handlers\exception.py", line 55, in inner
    response = get_response(request)
  File "C:\Users\gprin\AppData\Roaming\Python\Python310\site-packages\django\core\handlers\base.py", line 197, in _get_response
    response = wrapped_callback(request, *callback_args, **callback_kwargs)
  File "C:\Users\gprin\AppData\Roaming\Python\Python310\site-packages\django\views\decorators\csrf.py", line 54, in wrapped_view
    return view_func(*args, **kwargs)
  File "C:\Users\gprin\AppData\Roaming\Python\Python310\site-packages\django\views\generic\base.py", line 103, in view
    return self.dispatch(request, *args, **kwargs)
  File "C:\Users\gprin\AppData\Roaming\Python\Python310\site-packages\rest_framework\views.py", line 509, in dispatch
    response = self.handle_exception(exc)
  File "C:\Users\gprin\AppData\Roaming\Python\Python310\site-packages\rest_framework\views.py", line 469, in handle_exception
    self.raise_uncaught_exception(exc)
  File "C:\Users\gprin\AppData\Roaming\Python\Python310\site-packages\rest_framework\views.py", line 480, in raise_uncaught_exception
    raise exc
  File "C:\Users\gprin\AppData\Roaming\Python\Python310\site-packages\rest_framework\views.py", line 506, in dispatch
    response = handler(request, *args, **kwargs)
  File "C:\Users\gprin\AppData\Roaming\Python\Python310\site-packages\rest_framework\decorators.py", line 50, in handler
    return func(*args, **kwargs)
  File "E:\N1-Gaming\N1_Gaming\api\views.py", line 774, in Credit
    data=json.loads(request.body)
  File "C:\Program Files\Python310\lib\json\__init__.py", line 346, in loads
    return _default_decoder.decode(s)
  File "C:\Program Files\Python310\lib\json\decoder.py", line 337, in decode
    obj, end = self.raw_decode(s, idx=_w(s, 0).end())
  File "C:\Program Files\Python310\lib\json\decoder.py", line 355, in raw_decode
    raise JSONDecodeError("Expecting value", s, err.value) from None
json.decoder.JSONDecodeError: Expecting value: line 1 column 1 (char 0)
E:\N1-Gaming\N1_Gaming\api\views.py changed, reloading.
Watching for file changes with StatReloader
Not Found: /recentResult
